<?xml version="1.0" encoding="UTF-8"?>
<!-- Generated by org.testng.reporters.JUnitXMLReporter -->
<testsuite hostname="SAGE-ENC-L059" ignored="0" name="Test" tests="2" failures="1" timestamp="25 Apr 2021 09:34:13 GMT" time="13.331" errors="0">
  <testcase name="test2" time="7.398" classname="org.amazon.test.NewTest">
    <failure type="java.lang.Exception">
      <![CDATA[java.lang.Exception
at org.amazon.pages.Homepage.searchCategoryFilter(Homepage.java:141)
at org.amazon.test.NewTest.test2(NewTest.java:82)
at java.util.concurrent.ThreadPoolExecutor.runWorker(Unknown Source)
at java.util.concurrent.ThreadPoolExecutor$Worker.run(Unknown Source)
at java.lang.Thread.run(Unknown Source)
... Removed 10 stack frames]]>
    </failure>
  </testcase> <!-- test2 -->
  <testcase name="test" time="13.276" classname="org.amazon.test.NewTest"/>
</testsuite> <!-- Test -->
